2019-04-25 16:41:04,124 [Worker-10] INFO  o.e.m.c.i.l.LifecycleMappingFactory - Using NULL lifecycle mapping for MavenProject: com.taotao:taotao-parent:0.0.1-SNAPSHOT @ E:\taotao\taotao-parent\pom.xml.
2019-04-25 16:42:48,358 [Worker-4] INFO  o.e.m.c.i.l.LifecycleMappingFactory - Using NULL lifecycle mapping for MavenProject: com.taotao:taotao-parent:0.0.1-SNAPSHOT @ E:\taotao\taotao-parent\pom.xml.
2019-04-25 16:43:35,106 [Worker-8] INFO  o.e.m.c.i.l.LifecycleMappingFactory - Using org.eclipse.m2e.jdt.JarLifecycleMapping lifecycle mapping for MavenProject: com.taotao:taotao-common:0.0.1-SNAPSHOT @ E:\taotao\taotao-common\pom.xml.
2019-04-25 16:43:36,905 [Worker-8] INFO  o.e.m.j.i.AbstractJavaProjectConfigurator - Adding source folder /taotao-common/src/main/java
2019-04-25 16:43:36,907 [Worker-8] INFO  o.e.m.j.i.AbstractJavaProjectConfigurator - Adding resource folder /taotao-common/src/main/resources
2019-04-25 16:43:36,917 [Worker-8] INFO  o.e.m.j.i.AbstractJavaProjectConfigurator - Adding source folder /taotao-common/src/test/java
2019-04-25 16:43:36,917 [Worker-8] INFO  o.e.m.j.i.AbstractJavaProjectConfigurator - Adding resource folder /taotao-common/src/test/resources
2019-04-25 16:43:38,385 [Worker-5] INFO  o.e.m.c.i.embedder.EclipseLogger - Using 'UTF-8' encoding to copy filtered resources.
2019-04-25 16:43:38,389 [Worker-5] INFO  o.e.m.c.i.embedder.EclipseLogger - Copying 0 resource
2019-04-25 16:43:38,391 [Worker-5] INFO  o.e.m.c.i.embedder.EclipseLogger - Using 'UTF-8' encoding to copy filtered resources.
2019-04-25 16:43:38,391 [Worker-5] INFO  o.e.m.c.i.embedder.EclipseLogger - Copying 0 resource
2019-04-25 16:44:58,514 [Worker-5] INFO  o.e.m.c.i.l.LifecycleMappingFactory - Using org.eclipse.m2e.jdt.JarLifecycleMapping lifecycle mapping for MavenProject: com.taotao:taotao-common:0.0.1-SNAPSHOT @ E:\taotao\taotao-common\pom.xml.
2019-04-25 16:44:58,905 [Worker-5] WARN  o.e.m.c.i.embedder.EclipseLogger - The artifact org.apache.commons:commons-io:jar:1.3.2 has been relocated to commons-io:commons-io:jar:1.3.2
2019-04-25 16:45:00,070 [Worker-5] INFO  o.e.m.c.i.embedder.EclipseLogger - Using 'UTF-8' encoding to copy filtered resources.
2019-04-25 16:45:00,074 [Worker-5] INFO  o.e.m.c.i.embedder.EclipseLogger - Copying 0 resource
2019-04-25 16:45:00,076 [Worker-5] INFO  o.e.m.c.i.embedder.EclipseLogger - Using 'UTF-8' encoding to copy filtered resources.
2019-04-25 16:45:00,076 [Worker-5] INFO  o.e.m.c.i.embedder.EclipseLogger - Copying 0 resource
2019-04-25 16:45:02,387 [Worker-18] WARN  o.e.m.c.i.embedder.EclipseLogger - The artifact org.apache.commons:commons-io:jar:1.3.2 has been relocated to commons-io:commons-io:jar:1.3.2
2019-04-25 16:45:02,569 [Worker-18] INFO  o.e.m.c.i.embedder.EclipseLogger - Using 'UTF-8' encoding to copy filtered resources.
2019-04-25 16:45:02,573 [Worker-18] INFO  o.e.m.c.i.embedder.EclipseLogger - Copying 0 resource
2019-04-25 16:45:02,576 [Worker-18] INFO  o.e.m.c.i.embedder.EclipseLogger - Using 'UTF-8' encoding to copy filtered resources.
2019-04-25 16:45:02,576 [Worker-18] INFO  o.e.m.c.i.embedder.EclipseLogger - Copying 0 resource
2019-04-25 16:45:48,062 [Worker-0] INFO  o.e.m.c.i.l.LifecycleMappingFactory - Using NULL lifecycle mapping for MavenProject: com.taotao:taotao-manager:0.0.1-SNAPSHOT @ E:\taotao\taotao-manager\pom.xml.
2019-04-25 16:46:54,210 [Worker-17] INFO  o.e.m.c.i.l.LifecycleMappingFactory - Using org.eclipse.m2e.jdt.JarLifecycleMapping lifecycle mapping for MavenProject: com.taotao:taotao-manager-dao:0.0.1-SNAPSHOT @ E:\taotao\taotao-manager\taotao-manager-dao\pom.xml.
2019-04-25 16:46:54,317 [Worker-17] INFO  o.e.m.j.i.AbstractJavaProjectConfigurator - Adding source folder /taotao-manager-dao/src/main/java
2019-04-25 16:46:54,317 [Worker-17] INFO  o.e.m.j.i.AbstractJavaProjectConfigurator - Adding resource folder /taotao-manager-dao/src/main/resources
2019-04-25 16:46:54,325 [Worker-17] INFO  o.e.m.j.i.AbstractJavaProjectConfigurator - Adding source folder /taotao-manager-dao/src/test/java
2019-04-25 16:46:54,326 [Worker-17] INFO  o.e.m.j.i.AbstractJavaProjectConfigurator - Adding resource folder /taotao-manager-dao/src/test/resources
2019-04-25 16:46:54,712 [Worker-4] INFO  o.e.m.c.i.l.LifecycleMappingFactory - Using NULL lifecycle mapping for MavenProject: com.taotao:taotao-manager:0.0.1-SNAPSHOT @ E:\taotao\taotao-manager\pom.xml.
2019-04-25 16:46:54,847 [Worker-4] INFO  o.e.m.c.i.l.LifecycleMappingFactory - Using org.eclipse.m2e.jdt.JarLifecycleMapping lifecycle mapping for MavenProject: com.taotao:taotao-manager-dao:0.0.1-SNAPSHOT @ E:\taotao\taotao-manager\taotao-manager-dao\pom.xml.
2019-04-25 16:46:55,226 [Worker-4] INFO  o.e.m.c.i.embedder.EclipseLogger - Using 'UTF-8' encoding to copy filtered resources.
2019-04-25 16:46:55,226 [Worker-4] INFO  o.e.m.c.i.embedder.EclipseLogger - Copying 0 resource
2019-04-25 16:46:55,228 [Worker-4] INFO  o.e.m.c.i.embedder.EclipseLogger - Using 'UTF-8' encoding to copy filtered resources.
2019-04-25 16:46:55,228 [Worker-4] INFO  o.e.m.c.i.embedder.EclipseLogger - Copying 0 resource
2019-04-25 16:47:20,345 [Worker-2] INFO  o.e.m.c.i.l.LifecycleMappingFactory - Using org.eclipse.m2e.jdt.JarLifecycleMapping lifecycle mapping for MavenProject: com.taotao:taotao-manager-pojo:0.0.1-SNAPSHOT @ E:\taotao\taotao-manager\taotao-manager-pojo\pom.xml.
2019-04-25 16:47:20,563 [Worker-2] INFO  o.e.m.j.i.AbstractJavaProjectConfigurator - Adding source folder /taotao-manager-pojo/src/main/java
2019-04-25 16:47:20,563 [Worker-2] INFO  o.e.m.j.i.AbstractJavaProjectConfigurator - Adding resource folder /taotao-manager-pojo/src/main/resources
2019-04-25 16:47:20,572 [Worker-2] INFO  o.e.m.j.i.AbstractJavaProjectConfigurator - Adding source folder /taotao-manager-pojo/src/test/java
2019-04-25 16:47:20,572 [Worker-2] INFO  o.e.m.j.i.AbstractJavaProjectConfigurator - Adding resource folder /taotao-manager-pojo/src/test/resources
2019-04-25 16:47:20,929 [Worker-4] INFO  o.e.m.c.i.l.LifecycleMappingFactory - Using NULL lifecycle mapping for MavenProject: com.taotao:taotao-manager:0.0.1-SNAPSHOT @ E:\taotao\taotao-manager\pom.xml.
2019-04-25 16:47:21,059 [Worker-4] INFO  o.e.m.c.i.l.LifecycleMappingFactory - Using org.eclipse.m2e.jdt.JarLifecycleMapping lifecycle mapping for MavenProject: com.taotao:taotao-manager-dao:0.0.1-SNAPSHOT @ E:\taotao\taotao-manager\taotao-manager-dao\pom.xml.
2019-04-25 16:47:21,192 [Worker-4] INFO  o.e.m.c.i.l.LifecycleMappingFactory - Using org.eclipse.m2e.jdt.JarLifecycleMapping lifecycle mapping for MavenProject: com.taotao:taotao-manager-pojo:0.0.1-SNAPSHOT @ E:\taotao\taotao-manager\taotao-manager-pojo\pom.xml.
2019-04-25 16:47:21,641 [Worker-4] INFO  o.e.m.c.i.embedder.EclipseLogger - Using 'UTF-8' encoding to copy filtered resources.
2019-04-25 16:47:21,641 [Worker-4] INFO  o.e.m.c.i.embedder.EclipseLogger - Copying 0 resource
2019-04-25 16:47:21,642 [Worker-4] INFO  o.e.m.c.i.embedder.EclipseLogger - Using 'UTF-8' encoding to copy filtered resources.
2019-04-25 16:47:21,642 [Worker-4] INFO  o.e.m.c.i.embedder.EclipseLogger - Copying 0 resource
2019-04-25 16:47:21,678 [Worker-4] INFO  o.e.m.c.i.embedder.EclipseLogger - Using 'UTF-8' encoding to copy filtered resources.
2019-04-25 16:47:21,679 [Worker-4] INFO  o.e.m.c.i.embedder.EclipseLogger - Copying 0 resource
2019-04-25 16:47:21,680 [Worker-4] INFO  o.e.m.c.i.embedder.EclipseLogger - Using 'UTF-8' encoding to copy filtered resources.
2019-04-25 16:47:21,680 [Worker-4] INFO  o.e.m.c.i.embedder.EclipseLogger - Copying 0 resource
2019-04-25 16:47:36,041 [Worker-17] INFO  o.e.m.c.i.l.LifecycleMappingFactory - Using org.eclipse.m2e.jdt.JarLifecycleMapping lifecycle mapping for MavenProject: com.taotao:taotao-manager-interface:0.0.1-SNAPSHOT @ E:\taotao\taotao-manager\taotao-manager-interface\pom.xml.
2019-04-25 16:47:36,254 [Worker-17] INFO  o.e.m.j.i.AbstractJavaProjectConfigurator - Adding source folder /taotao-manager-interface/src/main/java
2019-04-25 16:47:36,254 [Worker-17] INFO  o.e.m.j.i.AbstractJavaProjectConfigurator - Adding resource folder /taotao-manager-interface/src/main/resources
2019-04-25 16:47:36,262 [Worker-17] INFO  o.e.m.j.i.AbstractJavaProjectConfigurator - Adding source folder /taotao-manager-interface/src/test/java
2019-04-25 16:47:36,263 [Worker-17] INFO  o.e.m.j.i.AbstractJavaProjectConfigurator - Adding resource folder /taotao-manager-interface/src/test/resources
2019-04-25 16:47:36,671 [Worker-8] INFO  o.e.m.c.i.l.LifecycleMappingFactory - Using NULL lifecycle mapping for MavenProject: com.taotao:taotao-manager:0.0.1-SNAPSHOT @ E:\taotao\taotao-manager\pom.xml.
2019-04-25 16:47:36,796 [Worker-8] INFO  o.e.m.c.i.l.LifecycleMappingFactory - Using org.eclipse.m2e.jdt.JarLifecycleMapping lifecycle mapping for MavenProject: com.taotao:taotao-manager-pojo:0.0.1-SNAPSHOT @ E:\taotao\taotao-manager\taotao-manager-pojo\pom.xml.
2019-04-25 16:47:36,925 [Worker-8] INFO  o.e.m.c.i.l.LifecycleMappingFactory - Using org.eclipse.m2e.jdt.JarLifecycleMapping lifecycle mapping for MavenProject: com.taotao:taotao-manager-dao:0.0.1-SNAPSHOT @ E:\taotao\taotao-manager\taotao-manager-dao\pom.xml.
2019-04-25 16:47:37,064 [Worker-8] INFO  o.e.m.c.i.l.LifecycleMappingFactory - Using org.eclipse.m2e.jdt.JarLifecycleMapping lifecycle mapping for MavenProject: com.taotao:taotao-manager-interface:0.0.1-SNAPSHOT @ E:\taotao\taotao-manager\taotao-manager-interface\pom.xml.
2019-04-25 16:47:37,426 [Worker-8] INFO  o.e.m.c.i.embedder.EclipseLogger - Using 'UTF-8' encoding to copy filtered resources.
2019-04-25 16:47:37,426 [Worker-8] INFO  o.e.m.c.i.embedder.EclipseLogger - Copying 0 resource
2019-04-25 16:47:37,427 [Worker-8] INFO  o.e.m.c.i.embedder.EclipseLogger - Using 'UTF-8' encoding to copy filtered resources.
2019-04-25 16:47:37,427 [Worker-8] INFO  o.e.m.c.i.embedder.EclipseLogger - Copying 0 resource
2019-04-25 16:47:37,458 [Worker-8] INFO  o.e.m.c.i.embedder.EclipseLogger - Using 'UTF-8' encoding to copy filtered resources.
2019-04-25 16:47:37,458 [Worker-8] INFO  o.e.m.c.i.embedder.EclipseLogger - Copying 0 resource
2019-04-25 16:47:37,459 [Worker-8] INFO  o.e.m.c.i.embedder.EclipseLogger - Using 'UTF-8' encoding to copy filtered resources.
2019-04-25 16:47:37,460 [Worker-8] INFO  o.e.m.c.i.embedder.EclipseLogger - Copying 0 resource
2019-04-25 16:47:37,502 [Worker-8] INFO  o.e.m.c.i.embedder.EclipseLogger - Using 'UTF-8' encoding to copy filtered resources.
2019-04-25 16:47:37,502 [Worker-8] INFO  o.e.m.c.i.embedder.EclipseLogger - Copying 0 resource
2019-04-25 16:47:37,504 [Worker-8] INFO  o.e.m.c.i.embedder.EclipseLogger - Using 'UTF-8' encoding to copy filtered resources.
2019-04-25 16:47:37,504 [Worker-8] INFO  o.e.m.c.i.embedder.EclipseLogger - Copying 0 resource
2019-04-25 16:47:53,736 [Worker-18] INFO  o.e.m.c.i.l.LifecycleMappingFactory - Using org.eclipse.m2e.jdt.JarLifecycleMapping lifecycle mapping for MavenProject: com.taotao:taotao-manager-service:0.0.1-SNAPSHOT @ E:\taotao\taotao-manager\taotao-manager-service\pom.xml.
2019-04-25 16:47:53,855 [Worker-18] INFO  o.e.m.j.i.AbstractJavaProjectConfigurator - Adding source folder /taotao-manager-service/src/main/java
2019-04-25 16:47:53,855 [Worker-18] INFO  o.e.m.j.i.AbstractJavaProjectConfigurator - Adding resource folder /taotao-manager-service/src/main/resources
2019-04-25 16:47:53,864 [Worker-18] INFO  o.e.m.j.i.AbstractJavaProjectConfigurator - Adding source folder /taotao-manager-service/src/test/java
2019-04-25 16:47:53,864 [Worker-18] INFO  o.e.m.j.i.AbstractJavaProjectConfigurator - Adding resource folder /taotao-manager-service/src/test/resources
2019-04-25 16:47:54,275 [Worker-18] INFO  o.e.m.c.i.l.LifecycleMappingFactory - Using NULL lifecycle mapping for MavenProject: com.taotao:taotao-manager:0.0.1-SNAPSHOT @ E:\taotao\taotao-manager\pom.xml.
2019-04-25 16:47:54,405 [Worker-18] INFO  o.e.m.c.i.l.LifecycleMappingFactory - Using org.eclipse.m2e.jdt.JarLifecycleMapping lifecycle mapping for MavenProject: com.taotao:taotao-manager-pojo:0.0.1-SNAPSHOT @ E:\taotao\taotao-manager\taotao-manager-pojo\pom.xml.
2019-04-25 16:47:54,534 [Worker-18] INFO  o.e.m.c.i.l.LifecycleMappingFactory - Using org.eclipse.m2e.jdt.JarLifecycleMapping lifecycle mapping for MavenProject: com.taotao:taotao-manager-dao:0.0.1-SNAPSHOT @ E:\taotao\taotao-manager\taotao-manager-dao\pom.xml.
2019-04-25 16:47:54,654 [Worker-18] INFO  o.e.m.c.i.l.LifecycleMappingFactory - Using org.eclipse.m2e.jdt.JarLifecycleMapping lifecycle mapping for MavenProject: com.taotao:taotao-manager-interface:0.0.1-SNAPSHOT @ E:\taotao\taotao-manager\taotao-manager-interface\pom.xml.
2019-04-25 16:47:54,781 [Worker-18] INFO  o.e.m.c.i.l.LifecycleMappingFactory - Using org.eclipse.m2e.jdt.JarLifecycleMapping lifecycle mapping for MavenProject: com.taotao:taotao-manager-service:0.0.1-SNAPSHOT @ E:\taotao\taotao-manager\taotao-manager-service\pom.xml.
2019-04-25 16:47:55,201 [Worker-18] INFO  o.e.m.c.i.embedder.EclipseLogger - Using 'UTF-8' encoding to copy filtered resources.
2019-04-25 16:47:55,201 [Worker-18] INFO  o.e.m.c.i.embedder.EclipseLogger - Copying 0 resource
2019-04-25 16:47:55,202 [Worker-18] INFO  o.e.m.c.i.embedder.EclipseLogger - Using 'UTF-8' encoding to copy filtered resources.
2019-04-25 16:47:55,202 [Worker-18] INFO  o.e.m.c.i.embedder.EclipseLogger - Copying 0 resource
2019-04-25 16:47:55,230 [Worker-18] INFO  o.e.m.c.i.embedder.EclipseLogger - Using 'UTF-8' encoding to copy filtered resources.
2019-04-25 16:47:55,230 [Worker-18] INFO  o.e.m.c.i.embedder.EclipseLogger - Copying 0 resource
2019-04-25 16:47:55,231 [Worker-18] INFO  o.e.m.c.i.embedder.EclipseLogger - Using 'UTF-8' encoding to copy filtered resources.
2019-04-25 16:47:55,231 [Worker-18] INFO  o.e.m.c.i.embedder.EclipseLogger - Copying 0 resource
2019-04-25 16:47:55,259 [Worker-18] INFO  o.e.m.c.i.embedder.EclipseLogger - Using 'UTF-8' encoding to copy filtered resources.
2019-04-25 16:47:55,259 [Worker-18] INFO  o.e.m.c.i.embedder.EclipseLogger - Copying 0 resource
2019-04-25 16:47:55,260 [Worker-18] INFO  o.e.m.c.i.embedder.EclipseLogger - Using 'UTF-8' encoding to copy filtered resources.
2019-04-25 16:47:55,260 [Worker-18] INFO  o.e.m.c.i.embedder.EclipseLogger - Copying 0 resource
2019-04-25 16:47:55,288 [Worker-18] INFO  o.e.m.c.i.embedder.EclipseLogger - Using 'UTF-8' encoding to copy filtered resources.
2019-04-25 16:47:55,289 [Worker-18] INFO  o.e.m.c.i.embedder.EclipseLogger - Copying 0 resource
2019-04-25 16:47:55,289 [Worker-18] INFO  o.e.m.c.i.embedder.EclipseLogger - Using 'UTF-8' encoding to copy filtered resources.
2019-04-25 16:47:55,290 [Worker-18] INFO  o.e.m.c.i.embedder.EclipseLogger - Copying 0 resource
2019-04-25 16:49:03,184 [Worker-0] INFO  o.e.m.c.i.l.LifecycleMappingFactory - Using org.maven.ide.eclipse.wtp.WarLifecycleMapping lifecycle mapping for MavenProject: com.taotao:taotao-manager-service:0.0.1-SNAPSHOT @ E:\taotao\taotao-manager\taotao-manager-service\pom.xml.
2019-04-25 16:49:04,397 [Worker-0] INFO  o.e.m.j.i.AbstractJavaProjectConfigurator - Adding source folder /taotao-manager-service/src/main/java
2019-04-25 16:49:04,397 [Worker-0] INFO  o.e.m.j.i.AbstractJavaProjectConfigurator - Adding resource folder /taotao-manager-service/src/main/resources
2019-04-25 16:49:04,406 [Worker-0] INFO  o.e.m.j.i.AbstractJavaProjectConfigurator - Adding source folder /taotao-manager-service/src/test/java
2019-04-25 16:49:04,407 [Worker-0] INFO  o.e.m.j.i.AbstractJavaProjectConfigurator - Adding resource folder /taotao-manager-service/src/test/resources
2019-04-25 16:49:06,561 [Worker-19] INFO  o.e.m.c.i.embedder.EclipseLogger - Using 'UTF-8' encoding to copy filtered resources.
2019-04-25 16:49:06,561 [Worker-19] INFO  o.e.m.c.i.embedder.EclipseLogger - Copying 0 resource
2019-04-25 16:49:06,562 [Worker-19] INFO  o.e.m.c.i.embedder.EclipseLogger - Using 'UTF-8' encoding to copy filtered resources.
2019-04-25 16:49:06,562 [Worker-19] INFO  o.e.m.c.i.embedder.EclipseLogger - Copying 0 resource
2019-04-25 16:49:22,877 [Worker-20] INFO  o.e.m.c.i.embedder.EclipseLogger - Using 'UTF-8' encoding to copy filtered resources.
2019-04-25 16:49:22,877 [Worker-20] INFO  o.e.m.c.i.embedder.EclipseLogger - Copying 0 resource
2019-04-25 16:49:22,879 [Worker-20] INFO  o.e.m.c.i.embedder.EclipseLogger - Using 'UTF-8' encoding to copy filtered resources.
2019-04-25 16:49:22,879 [Worker-20] INFO  o.e.m.c.i.embedder.EclipseLogger - Copying 0 resource
2019-04-25 16:50:42,622 [Worker-8] INFO  o.e.m.c.i.l.LifecycleMappingFactory - Using org.eclipse.m2e.jdt.JarLifecycleMapping lifecycle mapping for MavenProject: com.taotao:taotao-manager-dao:0.0.1-SNAPSHOT @ E:\taotao\taotao-manager\taotao-manager-dao\pom.xml.
2019-04-25 16:50:43,026 [Worker-8] INFO  o.e.m.c.i.embedder.EclipseLogger - Using 'UTF-8' encoding to copy filtered resources.
2019-04-25 16:50:43,026 [Worker-8] INFO  o.e.m.c.i.embedder.EclipseLogger - Copying 0 resource
2019-04-25 16:50:43,028 [Worker-8] INFO  o.e.m.c.i.embedder.EclipseLogger - Using 'UTF-8' encoding to copy filtered resources.
2019-04-25 16:50:43,028 [Worker-8] INFO  o.e.m.c.i.embedder.EclipseLogger - Copying 0 resource
2019-04-25 16:50:44,540 [Worker-5] INFO  o.e.m.c.i.embedder.EclipseLogger - Using 'UTF-8' encoding to copy filtered resources.
2019-04-25 16:50:44,540 [Worker-5] INFO  o.e.m.c.i.embedder.EclipseLogger - Copying 0 resource
2019-04-25 16:50:44,542 [Worker-5] INFO  o.e.m.c.i.embedder.EclipseLogger - Using 'UTF-8' encoding to copy filtered resources.
2019-04-25 16:50:44,543 [Worker-5] INFO  o.e.m.c.i.embedder.EclipseLogger - Copying 0 resource
2019-04-25 16:51:36,818 [Worker-8] INFO  o.e.m.c.i.l.LifecycleMappingFactory - Using org.eclipse.m2e.jdt.JarLifecycleMapping lifecycle mapping for MavenProject: com.taotao:taotao-manager-interface:0.0.1-SNAPSHOT @ E:\taotao\taotao-manager\taotao-manager-interface\pom.xml.
2019-04-25 16:51:36,878 [Worker-8] INFO  o.e.m.c.i.embedder.EclipseLogger - Using 'UTF-8' encoding to copy filtered resources.
2019-04-25 16:51:36,879 [Worker-8] INFO  o.e.m.c.i.embedder.EclipseLogger - Copying 0 resource
2019-04-25 16:51:36,880 [Worker-8] INFO  o.e.m.c.i.embedder.EclipseLogger - Using 'UTF-8' encoding to copy filtered resources.
2019-04-25 16:51:36,880 [Worker-8] INFO  o.e.m.c.i.embedder.EclipseLogger - Copying 0 resource
2019-04-25 16:51:38,029 [Worker-8] INFO  o.e.m.c.i.embedder.EclipseLogger - Using 'UTF-8' encoding to copy filtered resources.
2019-04-25 16:51:38,029 [Worker-8] INFO  o.e.m.c.i.embedder.EclipseLogger - Copying 0 resource
2019-04-25 16:51:38,030 [Worker-8] INFO  o.e.m.c.i.embedder.EclipseLogger - Using 'UTF-8' encoding to copy filtered resources.
2019-04-25 16:51:38,030 [Worker-8] INFO  o.e.m.c.i.embedder.EclipseLogger - Copying 0 resource
2019-04-25 16:52:32,400 [Worker-2] INFO  o.e.m.c.i.l.LifecycleMappingFactory - Using NULL lifecycle mapping for MavenProject: com.taotao:taotao-manager:0.0.1-SNAPSHOT @ E:\taotao\taotao-manager\pom.xml.
2019-04-25 16:52:34,598 [Worker-2] INFO  o.e.m.c.i.l.LifecycleMappingFactory - Using org.eclipse.m2e.jdt.JarLifecycleMapping lifecycle mapping for MavenProject: com.taotao:taotao-manager-pojo:0.0.1-SNAPSHOT @ E:\taotao\taotao-manager\taotao-manager-pojo\pom.xml.
2019-04-25 16:52:34,903 [Worker-2] INFO  o.e.m.c.i.l.LifecycleMappingFactory - Using org.maven.ide.eclipse.wtp.WarLifecycleMapping lifecycle mapping for MavenProject: com.taotao:taotao-manager-service:0.0.1-SNAPSHOT @ E:\taotao\taotao-manager\taotao-manager-service\pom.xml.
2019-04-25 16:52:35,167 [Worker-2] INFO  o.e.m.c.i.l.LifecycleMappingFactory - Using org.eclipse.m2e.jdt.JarLifecycleMapping lifecycle mapping for MavenProject: com.taotao:taotao-manager-dao:0.0.1-SNAPSHOT @ E:\taotao\taotao-manager\taotao-manager-dao\pom.xml.
2019-04-25 16:52:35,635 [Worker-2] INFO  o.e.m.c.i.l.LifecycleMappingFactory - Using org.eclipse.m2e.jdt.JarLifecycleMapping lifecycle mapping for MavenProject: com.taotao:taotao-manager-interface:0.0.1-SNAPSHOT @ E:\taotao\taotao-manager\taotao-manager-interface\pom.xml.
2019-04-25 16:52:35,825 [Worker-2] WARN  o.e.m.c.i.embedder.EclipseLogger - The artifact org.apache.commons:commons-io:jar:1.3.2 has been relocated to commons-io:commons-io:jar:1.3.2
2019-04-25 16:52:41,351 [Worker-2] INFO  o.e.m.c.i.embedder.EclipseLogger - Using 'UTF-8' encoding to copy filtered resources.
2019-04-25 16:52:41,357 [Worker-2] INFO  o.e.m.c.i.embedder.EclipseLogger - Copying 0 resource
2019-04-25 16:52:41,359 [Worker-2] INFO  o.e.m.c.i.embedder.EclipseLogger - Using 'UTF-8' encoding to copy filtered resources.
2019-04-25 16:52:41,360 [Worker-2] INFO  o.e.m.c.i.embedder.EclipseLogger - Copying 0 resource
2019-04-25 16:52:44,267 [Worker-18] INFO  o.e.m.c.i.embedder.EclipseLogger - Using 'UTF-8' encoding to copy filtered resources.
2019-04-25 16:52:44,268 [Worker-18] INFO  o.e.m.c.i.embedder.EclipseLogger - Copying 0 resource
2019-04-25 16:52:44,269 [Worker-18] INFO  o.e.m.c.i.embedder.EclipseLogger - Using 'UTF-8' encoding to copy filtered resources.
2019-04-25 16:52:44,269 [Worker-18] INFO  o.e.m.c.i.embedder.EclipseLogger - Copying 0 resource
2019-04-25 16:52:45,547 [Worker-0] INFO  o.e.m.c.i.embedder.EclipseLogger - Using 'UTF-8' encoding to copy filtered resources.
2019-04-25 16:52:45,548 [Worker-0] INFO  o.e.m.c.i.embedder.EclipseLogger - Copying 0 resource
2019-04-25 16:52:45,550 [Worker-0] INFO  o.e.m.c.i.embedder.EclipseLogger - Using 'UTF-8' encoding to copy filtered resources.
2019-04-25 16:52:45,550 [Worker-0] INFO  o.e.m.c.i.embedder.EclipseLogger - Copying 0 resource
2019-04-25 16:52:46,449 [Worker-0] INFO  o.e.m.c.i.embedder.EclipseLogger - Using 'UTF-8' encoding to copy filtered resources.
2019-04-25 16:52:46,450 [Worker-0] INFO  o.e.m.c.i.embedder.EclipseLogger - Copying 0 resource
2019-04-25 16:52:46,451 [Worker-0] INFO  o.e.m.c.i.embedder.EclipseLogger - Using 'UTF-8' encoding to copy filtered resources.
2019-04-25 16:52:46,451 [Worker-0] INFO  o.e.m.c.i.embedder.EclipseLogger - Copying 0 resource
2019-04-25 16:54:01,771 [Worker-0] INFO  o.e.m.c.i.l.LifecycleMappingFactory - Using org.maven.ide.eclipse.wtp.WarLifecycleMapping lifecycle mapping for MavenProject: com.taotao:taotao-manager-service:0.0.1-SNAPSHOT @ E:\taotao\taotao-manager\taotao-manager-service\pom.xml.
2019-04-25 16:54:03,511 [Worker-0] WARN  o.e.m.c.i.embedder.EclipseLogger - The artifact org.apache.commons:commons-io:jar:1.3.2 has been relocated to commons-io:commons-io:jar:1.3.2
2019-04-25 16:54:06,774 [Worker-0] INFO  o.e.m.c.i.embedder.EclipseLogger - Using 'UTF-8' encoding to copy filtered resources.
2019-04-25 16:54:06,775 [Worker-0] INFO  o.e.m.c.i.embedder.EclipseLogger - Copying 0 resource
2019-04-25 16:54:06,775 [Worker-0] INFO  o.e.m.c.i.embedder.EclipseLogger - Using 'UTF-8' encoding to copy filtered resources.
2019-04-25 16:54:06,775 [Worker-0] INFO  o.e.m.c.i.embedder.EclipseLogger - Copying 0 resource
2019-04-25 16:54:06,776 [Worker-0] INFO  o.e.m.w.i.f.ResourceFilteringBuildParticipant - Changed resources require a complete clean of filtered resources of taotao-manager-service
2019-04-25 16:54:06,776 [Worker-0] INFO  o.e.m.w.i.f.ResourceFilteringBuildParticipant - Executing resource filtering for taotao-manager-service
2019-04-25 16:54:06,783 [Worker-0] INFO  o.e.m.c.i.embedder.EclipseLogger - Using 'UTF-8' encoding to copy filtered resources.
2019-04-25 16:54:07,662 [Worker-18] INFO  o.e.m.c.i.embedder.EclipseLogger - Using 'UTF-8' encoding to copy filtered resources.
2019-04-25 16:54:07,663 [Worker-18] INFO  o.e.m.c.i.embedder.EclipseLogger - Copying 0 resource
2019-04-25 16:54:07,663 [Worker-18] INFO  o.e.m.c.i.embedder.EclipseLogger - Using 'UTF-8' encoding to copy filtered resources.
2019-04-25 16:54:07,664 [Worker-18] INFO  o.e.m.c.i.embedder.EclipseLogger - Copying 0 resource
2019-04-25 16:54:08,324 [Worker-18] INFO  o.e.m.c.i.embedder.EclipseLogger - Using 'UTF-8' encoding to copy filtered resources.
2019-04-25 16:54:08,325 [Worker-18] INFO  o.e.m.c.i.embedder.EclipseLogger - Copying 0 resource
2019-04-25 16:54:08,326 [Worker-18] INFO  o.e.m.c.i.embedder.EclipseLogger - Using 'UTF-8' encoding to copy filtered resources.
2019-04-25 16:54:08,326 [Worker-18] INFO  o.e.m.c.i.embedder.EclipseLogger - Copying 0 resource
2019-04-25 16:54:09,132 [Worker-18] INFO  o.e.m.c.i.embedder.EclipseLogger - Using 'UTF-8' encoding to copy filtered resources.
2019-04-25 16:54:09,132 [Worker-18] INFO  o.e.m.c.i.embedder.EclipseLogger - Copying 0 resource
2019-04-25 16:54:09,133 [Worker-18] INFO  o.e.m.c.i.embedder.EclipseLogger - Using 'UTF-8' encoding to copy filtered resources.
2019-04-25 16:54:09,133 [Worker-18] INFO  o.e.m.c.i.embedder.EclipseLogger - Copying 0 resource
2019-04-25 17:05:18,100 [Worker-18] INFO  o.e.m.c.i.l.LifecycleMappingFactory - Using org.maven.ide.eclipse.wtp.WarLifecycleMapping lifecycle mapping for MavenProject: com.taotao:taotao-manager-web:0.0.1-SNAPSHOT @ E:\taotao\taotao-manager-web\pom.xml.
2019-04-25 17:05:18,230 [Worker-18] INFO  o.e.m.j.i.AbstractJavaProjectConfigurator - Adding source folder /taotao-manager-web/src/main/java
2019-04-25 17:05:18,230 [Worker-18] INFO  o.e.m.j.i.AbstractJavaProjectConfigurator - Adding resource folder /taotao-manager-web/src/main/resources
2019-04-25 17:05:18,240 [Worker-18] INFO  o.e.m.j.i.AbstractJavaProjectConfigurator - Adding source folder /taotao-manager-web/src/test/java
2019-04-25 17:05:18,241 [Worker-18] INFO  o.e.m.j.i.AbstractJavaProjectConfigurator - Adding resource folder /taotao-manager-web/src/test/resources
2019-04-25 17:05:18,940 [Worker-2] INFO  o.e.m.c.i.embedder.EclipseLogger - Using 'UTF-8' encoding to copy filtered resources.
2019-04-25 17:05:18,940 [Worker-2] INFO  o.e.m.c.i.embedder.EclipseLogger - Copying 0 resource
2019-04-25 17:05:18,941 [Worker-2] INFO  o.e.m.c.i.embedder.EclipseLogger - Using 'UTF-8' encoding to copy filtered resources.
2019-04-25 17:05:18,942 [Worker-2] INFO  o.e.m.c.i.embedder.EclipseLogger - Copying 0 resource
2019-04-25 17:05:19,995 [Worker-24] INFO  o.e.m.c.i.embedder.EclipseLogger - Using 'UTF-8' encoding to copy filtered resources.
2019-04-25 17:05:19,995 [Worker-24] INFO  o.e.m.c.i.embedder.EclipseLogger - Copying 0 resource
2019-04-25 17:05:19,996 [Worker-24] INFO  o.e.m.c.i.embedder.EclipseLogger - Using 'UTF-8' encoding to copy filtered resources.
2019-04-25 17:05:19,996 [Worker-24] INFO  o.e.m.c.i.embedder.EclipseLogger - Copying 0 resource
2019-04-25 17:06:02,662 [Worker-0] INFO  o.e.m.c.i.embedder.EclipseLogger - Using 'UTF-8' encoding to copy filtered resources.
2019-04-25 17:06:02,662 [Worker-0] INFO  o.e.m.c.i.embedder.EclipseLogger - Copying 0 resource
2019-04-25 17:06:02,665 [Worker-0] INFO  o.e.m.c.i.embedder.EclipseLogger - Using 'UTF-8' encoding to copy filtered resources.
2019-04-25 17:06:02,665 [Worker-0] INFO  o.e.m.c.i.embedder.EclipseLogger - Copying 0 resource
2019-04-25 17:06:43,380 [Worker-25] INFO  o.e.m.c.i.l.LifecycleMappingFactory - Using org.maven.ide.eclipse.wtp.WarLifecycleMapping lifecycle mapping for MavenProject: com.taotao:taotao-manager-web:0.0.1-SNAPSHOT @ E:\taotao\taotao-manager-web\pom.xml.
2019-04-25 17:06:44,484 [Worker-25] WARN  o.e.m.c.i.embedder.EclipseLogger - The artifact org.apache.commons:commons-io:jar:1.3.2 has been relocated to commons-io:commons-io:jar:1.3.2
2019-04-25 17:06:47,620 [Worker-25] INFO  o.e.m.c.i.embedder.EclipseLogger - Using 'UTF-8' encoding to copy filtered resources.
2019-04-25 17:06:47,620 [Worker-25] INFO  o.e.m.c.i.embedder.EclipseLogger - Copying 0 resource
2019-04-25 17:06:47,621 [Worker-25] INFO  o.e.m.c.i.embedder.EclipseLogger - Using 'UTF-8' encoding to copy filtered resources.
2019-04-25 17:06:47,622 [Worker-25] INFO  o.e.m.c.i.embedder.EclipseLogger - Copying 0 resource
2019-04-25 17:06:47,622 [Worker-25] INFO  o.e.m.w.i.f.ResourceFilteringBuildParticipant - Changed resources require a complete clean of filtered resources of taotao-manager-web
2019-04-25 17:06:47,622 [Worker-25] INFO  o.e.m.w.i.f.ResourceFilteringBuildParticipant - Executing resource filtering for taotao-manager-web
2019-04-25 17:06:47,626 [Worker-25] INFO  o.e.m.c.i.embedder.EclipseLogger - Using 'UTF-8' encoding to copy filtered resources.
2019-04-25 17:08:18,428 [Worker-22] INFO  o.e.m.c.i.embedder.EclipseLogger - Using 'UTF-8' encoding to copy filtered resources.
2019-04-25 17:08:18,428 [Worker-22] INFO  o.e.m.c.i.embedder.EclipseLogger - Copying 0 resource
2019-04-25 17:08:18,429 [Worker-22] INFO  o.e.m.c.i.embedder.EclipseLogger - Using 'UTF-8' encoding to copy filtered resources.
2019-04-25 17:08:18,429 [Worker-22] INFO  o.e.m.c.i.embedder.EclipseLogger - Copying 0 resource
2019-04-25 17:08:24,020 [Worker-2] INFO  o.e.m.c.i.embedder.EclipseLogger - Using 'UTF-8' encoding to copy filtered resources.
2019-04-25 17:08:24,020 [Worker-2] INFO  o.e.m.c.i.embedder.EclipseLogger - Copying 0 resource
2019-04-25 17:08:24,022 [Worker-2] INFO  o.e.m.c.i.embedder.EclipseLogger - Using 'UTF-8' encoding to copy filtered resources.
2019-04-25 17:08:24,022 [Worker-2] INFO  o.e.m.c.i.embedder.EclipseLogger - Copying 0 resource
2019-04-25 17:08:39,480 [Worker-24] INFO  o.e.m.c.i.embedder.EclipseLogger - Using 'UTF-8' encoding to copy filtered resources.
2019-04-25 17:08:39,480 [Worker-24] INFO  o.e.m.c.i.embedder.EclipseLogger - Copying 0 resource
2019-04-25 17:08:39,482 [Worker-24] INFO  o.e.m.c.i.embedder.EclipseLogger - Using 'UTF-8' encoding to copy filtered resources.
2019-04-25 17:08:39,482 [Worker-24] INFO  o.e.m.c.i.embedder.EclipseLogger - Copying 0 resource
2019-04-25 17:08:52,593 [Worker-2] INFO  o.e.m.c.i.embedder.EclipseLogger - Using 'UTF-8' encoding to copy filtered resources.
2019-04-25 17:08:52,594 [Worker-2] INFO  o.e.m.c.i.embedder.EclipseLogger - Copying 0 resource
2019-04-25 17:08:52,596 [Worker-2] INFO  o.e.m.c.i.embedder.EclipseLogger - Using 'UTF-8' encoding to copy filtered resources.
2019-04-25 17:08:52,597 [Worker-2] INFO  o.e.m.c.i.embedder.EclipseLogger - Copying 0 resource
2019-04-25 17:09:59,531 [Worker-0] INFO  o.e.m.i.launch.MavenLaunchDelegate - E:\taotao\taotao-parent
2019-04-25 17:09:59,531 [Worker-0] INFO  o.e.m.i.launch.MavenLaunchDelegate -  mvn  -B install
2019-04-25 17:10:38,145 [Worker-22] INFO  o.e.m.i.launch.MavenLaunchDelegate - E:\taotao\taotao-manager\taotao-manager-interface
2019-04-25 17:10:38,146 [Worker-22] INFO  o.e.m.i.launch.MavenLaunchDelegate -  mvn  -B install
2019-04-25 17:11:03,660 [Worker-22] INFO  o.e.m.i.launch.MavenLaunchDelegate - E:\taotao\taotao-common
2019-04-25 17:11:03,660 [Worker-22] INFO  o.e.m.i.launch.MavenLaunchDelegate -  mvn  -B install
2019-04-25 17:11:09,777 [Worker-27] INFO  o.e.m.c.i.embedder.EclipseLogger - Using 'UTF-8' encoding to copy filtered resources.
2019-04-25 17:11:09,778 [Worker-27] INFO  o.e.m.c.i.embedder.EclipseLogger - Copying 0 resource
2019-04-25 17:11:09,779 [Worker-27] INFO  o.e.m.c.i.embedder.EclipseLogger - Using 'UTF-8' encoding to copy filtered resources.
2019-04-25 17:11:09,779 [Worker-27] INFO  o.e.m.c.i.embedder.EclipseLogger - Copying 0 resource
2019-04-25 17:11:22,544 [Worker-22] INFO  o.e.m.i.launch.MavenLaunchDelegate - E:\taotao\taotao-manager
2019-04-25 17:11:22,544 [Worker-22] INFO  o.e.m.i.launch.MavenLaunchDelegate -  mvn  -B install
2019-04-25 17:11:33,666 [Worker-22] INFO  o.e.m.c.i.embedder.EclipseLogger - Using 'UTF-8' encoding to copy filtered resources.
2019-04-25 17:11:33,667 [Worker-22] INFO  o.e.m.c.i.embedder.EclipseLogger - Copying 0 resource
2019-04-25 17:11:33,667 [Worker-22] INFO  o.e.m.c.i.embedder.EclipseLogger - Using 'UTF-8' encoding to copy filtered resources.
2019-04-25 17:11:33,668 [Worker-22] INFO  o.e.m.c.i.embedder.EclipseLogger - Copying 0 resource
2019-04-25 17:11:34,317 [Worker-22] INFO  o.e.m.c.i.embedder.EclipseLogger - Using 'UTF-8' encoding to copy filtered resources.
2019-04-25 17:11:34,318 [Worker-22] INFO  o.e.m.c.i.embedder.EclipseLogger - Copying 0 resource
2019-04-25 17:11:34,318 [Worker-22] INFO  o.e.m.c.i.embedder.EclipseLogger - Using 'UTF-8' encoding to copy filtered resources.
2019-04-25 17:11:34,319 [Worker-22] INFO  o.e.m.c.i.embedder.EclipseLogger - Copying 0 resource
2019-04-25 17:11:35,080 [Worker-22] INFO  o.e.m.c.i.embedder.EclipseLogger - Using 'UTF-8' encoding to copy filtered resources.
2019-04-25 17:11:35,080 [Worker-22] INFO  o.e.m.c.i.embedder.EclipseLogger - Copying 0 resource
2019-04-25 17:11:35,081 [Worker-22] INFO  o.e.m.c.i.embedder.EclipseLogger - Using 'UTF-8' encoding to copy filtered resources.
2019-04-25 17:11:35,081 [Worker-22] INFO  o.e.m.c.i.embedder.EclipseLogger - Copying 0 resource
2019-04-25 17:11:36,338 [Worker-22] INFO  o.e.m.c.i.embedder.EclipseLogger - Using 'UTF-8' encoding to copy filtered resources.
2019-04-25 17:11:36,338 [Worker-22] INFO  o.e.m.c.i.embedder.EclipseLogger - Copying 0 resource
2019-04-25 17:11:36,339 [Worker-22] INFO  o.e.m.c.i.embedder.EclipseLogger - Using 'UTF-8' encoding to copy filtered resources.
2019-04-25 17:11:36,340 [Worker-22] INFO  o.e.m.c.i.embedder.EclipseLogger - Copying 0 resource
2019-04-25 17:12:01,383 [main] INFO  o.e.m2e.actions.ExecutePomAction - Creating new launch configuration
2019-04-25 17:12:18,297 [Worker-27] INFO  o.e.m.i.launch.MavenLaunchDelegate - E:\taotao\taotao-manager-web
2019-04-25 17:12:18,297 [Worker-27] INFO  o.e.m.i.launch.MavenLaunchDelegate -  mvn  -B clean tomcat7:run
2019-04-25 17:18:40,654 [Worker-0] INFO  o.e.m.c.i.embedder.EclipseLogger - Using 'UTF-8' encoding to copy filtered resources.
2019-04-25 17:18:40,657 [Worker-0] INFO  o.e.m.c.i.embedder.EclipseLogger - Copying 6 resources
2019-04-25 17:18:40,683 [Worker-0] INFO  o.e.m.c.i.embedder.EclipseLogger - Using 'UTF-8' encoding to copy filtered resources.
2019-04-25 17:18:40,683 [Worker-0] INFO  o.e.m.c.i.embedder.EclipseLogger - Copying 0 resource
2019-04-25 17:21:09,451 [Worker-0] INFO  o.e.m.c.i.embedder.EclipseLogger - Using 'UTF-8' encoding to copy filtered resources.
2019-04-25 17:21:09,452 [Worker-0] INFO  o.e.m.c.i.embedder.EclipseLogger - Copying 0 resource
2019-04-25 17:21:09,453 [Worker-0] INFO  o.e.m.c.i.embedder.EclipseLogger - Using 'UTF-8' encoding to copy filtered resources.
2019-04-25 17:21:09,453 [Worker-0] INFO  o.e.m.c.i.embedder.EclipseLogger - Copying 0 resource
2019-04-25 17:22:02,268 [Worker-31] INFO  o.e.m.c.i.embedder.EclipseLogger - Using 'UTF-8' encoding to copy filtered resources.
2019-04-25 17:22:02,268 [Worker-31] INFO  o.e.m.c.i.embedder.EclipseLogger - Copying 1 resource
2019-04-25 17:22:02,271 [Worker-31] INFO  o.e.m.c.i.embedder.EclipseLogger - Using 'UTF-8' encoding to copy filtered resources.
2019-04-25 17:22:02,271 [Worker-31] INFO  o.e.m.c.i.embedder.EclipseLogger - Copying 0 resource
2019-04-25 17:23:16,262 [Worker-0] INFO  o.e.m.c.i.embedder.EclipseLogger - Using 'UTF-8' encoding to copy filtered resources.
2019-04-25 17:23:16,262 [Worker-0] INFO  o.e.m.c.i.embedder.EclipseLogger - Copying 1 resource
2019-04-25 17:23:16,265 [Worker-0] INFO  o.e.m.c.i.embedder.EclipseLogger - Using 'UTF-8' encoding to copy filtered resources.
2019-04-25 17:23:16,266 [Worker-0] INFO  o.e.m.c.i.embedder.EclipseLogger - Copying 0 resource
2019-04-25 17:23:27,022 [Worker-33] INFO  o.e.m.c.i.embedder.EclipseLogger - Using 'UTF-8' encoding to copy filtered resources.
2019-04-25 17:23:27,023 [Worker-33] INFO  o.e.m.c.i.embedder.EclipseLogger - Copying 1 resource
2019-04-25 17:23:27,025 [Worker-33] INFO  o.e.m.c.i.embedder.EclipseLogger - Using 'UTF-8' encoding to copy filtered resources.
2019-04-25 17:23:27,025 [Worker-33] INFO  o.e.m.c.i.embedder.EclipseLogger - Copying 0 resource
2019-04-25 17:25:39,214 [Worker-28] INFO  o.e.m.c.i.embedder.EclipseLogger - Using 'UTF-8' encoding to copy filtered resources.
2019-04-25 17:25:39,215 [Worker-28] INFO  o.e.m.c.i.embedder.EclipseLogger - Copying 0 resource
2019-04-25 17:25:39,216 [Worker-28] INFO  o.e.m.c.i.embedder.EclipseLogger - Using 'UTF-8' encoding to copy filtered resources.
2019-04-25 17:25:39,216 [Worker-28] INFO  o.e.m.c.i.embedder.EclipseLogger - Copying 0 resource
2019-04-25 17:26:49,469 [Worker-2] INFO  o.e.m.c.i.embedder.EclipseLogger - Using 'UTF-8' encoding to copy filtered resources.
2019-04-25 17:26:49,470 [Worker-2] INFO  o.e.m.c.i.embedder.EclipseLogger - Copying 2 resources
2019-04-25 17:26:49,476 [Worker-2] INFO  o.e.m.c.i.embedder.EclipseLogger - Using 'UTF-8' encoding to copy filtered resources.
2019-04-25 17:26:49,476 [Worker-2] INFO  o.e.m.c.i.embedder.EclipseLogger - Copying 0 resource
2019-04-25 17:26:49,613 [Worker-2] INFO  o.e.m.c.i.embedder.EclipseLogger - Using 'UTF-8' encoding to copy filtered resources.
2019-04-25 17:26:49,614 [Worker-2] INFO  o.e.m.c.i.embedder.EclipseLogger - Copying 0 resource
2019-04-25 17:26:49,617 [Worker-2] INFO  o.e.m.c.i.embedder.EclipseLogger - Using 'UTF-8' encoding to copy filtered resources.
2019-04-25 17:26:49,618 [Worker-2] INFO  o.e.m.c.i.embedder.EclipseLogger - Copying 0 resource
2019-04-25 17:28:59,213 [Worker-24] INFO  o.e.m.c.i.embedder.EclipseLogger - Using 'UTF-8' encoding to copy filtered resources.
2019-04-25 17:28:59,214 [Worker-24] INFO  o.e.m.c.i.embedder.EclipseLogger - Copying 2 resources
2019-04-25 17:28:59,215 [Worker-24] INFO  o.e.m.c.i.embedder.EclipseLogger - Using 'UTF-8' encoding to copy filtered resources.
2019-04-25 17:28:59,215 [Worker-24] INFO  o.e.m.c.i.embedder.EclipseLogger - Copying 0 resource
2019-04-25 17:34:43,607 [Worker-31] INFO  o.e.m.c.i.embedder.EclipseLogger - Using 'UTF-8' encoding to copy filtered resources.
2019-04-25 17:34:43,608 [Worker-31] INFO  o.e.m.c.i.embedder.EclipseLogger - Copying 0 resource
2019-04-25 17:34:43,610 [Worker-31] INFO  o.e.m.c.i.embedder.EclipseLogger - Using 'UTF-8' encoding to copy filtered resources.
2019-04-25 17:34:43,610 [Worker-31] INFO  o.e.m.c.i.embedder.EclipseLogger - Copying 0 resource
2019-04-25 17:35:27,842 [Worker-31] INFO  o.e.m.c.i.embedder.EclipseLogger - Using 'UTF-8' encoding to copy filtered resources.
2019-04-25 17:35:27,843 [Worker-31] INFO  o.e.m.c.i.embedder.EclipseLogger - Copying 0 resource
2019-04-25 17:35:27,844 [Worker-31] INFO  o.e.m.c.i.embedder.EclipseLogger - Using 'UTF-8' encoding to copy filtered resources.
2019-04-25 17:35:27,844 [Worker-31] INFO  o.e.m.c.i.embedder.EclipseLogger - Copying 0 resource
2019-04-25 17:36:08,716 [Worker-36] INFO  o.e.m.c.i.embedder.EclipseLogger - Using 'UTF-8' encoding to copy filtered resources.
2019-04-25 17:36:08,717 [Worker-36] INFO  o.e.m.c.i.embedder.EclipseLogger - Copying 0 resource
2019-04-25 17:36:08,720 [Worker-36] INFO  o.e.m.c.i.embedder.EclipseLogger - Using 'UTF-8' encoding to copy filtered resources.
2019-04-25 17:36:08,720 [Worker-36] INFO  o.e.m.c.i.embedder.EclipseLogger - Copying 0 resource
2019-04-25 17:36:26,965 [Worker-36] INFO  o.e.m.c.i.embedder.EclipseLogger - Using 'UTF-8' encoding to copy filtered resources.
2019-04-25 17:36:26,967 [Worker-36] INFO  o.e.m.c.i.embedder.EclipseLogger - Copying 1 resource
2019-04-25 17:36:26,968 [Worker-36] INFO  o.e.m.c.i.embedder.EclipseLogger - Using 'UTF-8' encoding to copy filtered resources.
2019-04-25 17:36:26,968 [Worker-36] INFO  o.e.m.c.i.embedder.EclipseLogger - Copying 0 resource
2019-04-25 17:37:38,015 [Worker-0] INFO  o.e.m.c.i.embedder.EclipseLogger - Using 'UTF-8' encoding to copy filtered resources.
2019-04-25 17:37:38,015 [Worker-0] INFO  o.e.m.c.i.embedder.EclipseLogger - Copying 1 resource
2019-04-25 17:37:38,019 [Worker-0] INFO  o.e.m.c.i.embedder.EclipseLogger - Using 'UTF-8' encoding to copy filtered resources.
2019-04-25 17:37:38,019 [Worker-0] INFO  o.e.m.c.i.embedder.EclipseLogger - Copying 0 resource
2019-04-25 17:38:00,394 [Worker-37] INFO  o.e.m.c.i.embedder.EclipseLogger - Using 'UTF-8' encoding to copy filtered resources.
2019-04-25 17:38:00,394 [Worker-37] INFO  o.e.m.c.i.embedder.EclipseLogger - Copying 1 resource
2019-04-25 17:38:00,398 [Worker-37] INFO  o.e.m.c.i.embedder.EclipseLogger - Using 'UTF-8' encoding to copy filtered resources.
2019-04-25 17:38:00,398 [Worker-37] INFO  o.e.m.c.i.embedder.EclipseLogger - Copying 0 resource
2019-04-25 17:38:25,565 [Worker-0] INFO  o.e.m.c.i.embedder.EclipseLogger - Using 'UTF-8' encoding to copy filtered resources.
2019-04-25 17:38:25,565 [Worker-0] INFO  o.e.m.c.i.embedder.EclipseLogger - Copying 1 resource
2019-04-25 17:38:25,568 [Worker-0] INFO  o.e.m.c.i.embedder.EclipseLogger - Using 'UTF-8' encoding to copy filtered resources.
2019-04-25 17:38:25,568 [Worker-0] INFO  o.e.m.c.i.embedder.EclipseLogger - Copying 0 resource
2019-04-25 17:38:33,151 [Worker-37] INFO  o.e.m.c.i.embedder.EclipseLogger - Using 'UTF-8' encoding to copy filtered resources.
2019-04-25 17:38:33,152 [Worker-37] INFO  o.e.m.c.i.embedder.EclipseLogger - Copying 1 resource
2019-04-25 17:38:33,155 [Worker-37] INFO  o.e.m.c.i.embedder.EclipseLogger - Using 'UTF-8' encoding to copy filtered resources.
2019-04-25 17:38:33,156 [Worker-37] INFO  o.e.m.c.i.embedder.EclipseLogger - Copying 0 resource
2019-04-25 17:38:40,733 [Worker-31] INFO  o.e.m.c.i.embedder.EclipseLogger - Using 'UTF-8' encoding to copy filtered resources.
2019-04-25 17:38:40,733 [Worker-31] INFO  o.e.m.c.i.embedder.EclipseLogger - Copying 1 resource
2019-04-25 17:38:40,736 [Worker-31] INFO  o.e.m.c.i.embedder.EclipseLogger - Using 'UTF-8' encoding to copy filtered resources.
2019-04-25 17:38:40,736 [Worker-31] INFO  o.e.m.c.i.embedder.EclipseLogger - Copying 0 resource
2019-04-25 17:39:31,389 [Worker-37] INFO  o.e.m.c.i.embedder.EclipseLogger - Using 'UTF-8' encoding to copy filtered resources.
2019-04-25 17:39:31,389 [Worker-37] INFO  o.e.m.c.i.embedder.EclipseLogger - Copying 0 resource
2019-04-25 17:39:31,390 [Worker-37] INFO  o.e.m.c.i.embedder.EclipseLogger - Using 'UTF-8' encoding to copy filtered resources.
2019-04-25 17:39:31,390 [Worker-37] INFO  o.e.m.c.i.embedder.EclipseLogger - Copying 0 resource
2019-04-25 17:40:14,494 [Worker-39] INFO  o.e.m.c.i.embedder.EclipseLogger - Using 'UTF-8' encoding to copy filtered resources.
2019-04-25 17:40:14,494 [Worker-39] INFO  o.e.m.c.i.embedder.EclipseLogger - Copying 0 resource
2019-04-25 17:40:14,495 [Worker-39] INFO  o.e.m.c.i.embedder.EclipseLogger - Using 'UTF-8' encoding to copy filtered resources.
2019-04-25 17:40:14,496 [Worker-39] INFO  o.e.m.c.i.embedder.EclipseLogger - Copying 0 resource
2019-04-25 17:41:30,799 [Worker-37] INFO  o.e.m.c.i.embedder.EclipseLogger - Using 'UTF-8' encoding to copy filtered resources.
2019-04-25 17:41:30,801 [Worker-37] INFO  o.e.m.c.i.embedder.EclipseLogger - Copying 6 resources
2019-04-25 17:41:30,805 [Worker-37] INFO  o.e.m.c.i.embedder.EclipseLogger - Using 'UTF-8' encoding to copy filtered resources.
2019-04-25 17:41:30,806 [Worker-37] INFO  o.e.m.c.i.embedder.EclipseLogger - Copying 0 resource
2019-04-25 20:50:18,471 [Worker-47] INFO  o.e.m.c.i.embedder.EclipseLogger - Using 'UTF-8' encoding to copy filtered resources.
2019-04-25 20:50:18,473 [Worker-47] INFO  o.e.m.c.i.embedder.EclipseLogger - Copying 6 resources
2019-04-25 20:50:18,476 [Worker-47] INFO  o.e.m.c.i.embedder.EclipseLogger - Using 'UTF-8' encoding to copy filtered resources.
2019-04-25 20:50:18,477 [Worker-47] INFO  o.e.m.c.i.embedder.EclipseLogger - Copying 0 resource
2019-04-25 21:06:31,828 [Worker-51] INFO  o.e.m.c.i.embedder.EclipseLogger - Using 'UTF-8' encoding to copy filtered resources.
2019-04-25 21:06:31,828 [Worker-51] INFO  o.e.m.c.i.embedder.EclipseLogger - Copying 1 resource
2019-04-25 21:06:31,832 [Worker-51] INFO  o.e.m.c.i.embedder.EclipseLogger - Using 'UTF-8' encoding to copy filtered resources.
2019-04-25 21:06:31,832 [Worker-51] INFO  o.e.m.c.i.embedder.EclipseLogger - Copying 0 resource
2019-04-25 21:08:34,212 [Worker-51] INFO  o.e.m.c.i.embedder.EclipseLogger - Using 'UTF-8' encoding to copy filtered resources.
2019-04-25 21:08:34,213 [Worker-51] INFO  o.e.m.c.i.embedder.EclipseLogger - Copying 0 resource
2019-04-25 21:08:34,214 [Worker-51] INFO  o.e.m.c.i.embedder.EclipseLogger - Using 'UTF-8' encoding to copy filtered resources.
2019-04-25 21:08:34,214 [Worker-51] INFO  o.e.m.c.i.embedder.EclipseLogger - Copying 0 resource
2019-04-25 21:08:34,282 [Worker-51] INFO  o.e.m.c.i.embedder.EclipseLogger - Using 'UTF-8' encoding to copy filtered resources.
2019-04-25 21:08:34,283 [Worker-51] INFO  o.e.m.c.i.embedder.EclipseLogger - Copying 6 resources
2019-04-25 21:08:34,286 [Worker-51] INFO  o.e.m.c.i.embedder.EclipseLogger - Using 'UTF-8' encoding to copy filtered resources.
2019-04-25 21:08:34,286 [Worker-51] INFO  o.e.m.c.i.embedder.EclipseLogger - Copying 0 resource
2019-04-25 21:08:34,347 [Worker-51] INFO  o.e.m.c.i.embedder.EclipseLogger - Using 'UTF-8' encoding to copy filtered resources.
2019-04-25 21:08:34,348 [Worker-51] INFO  o.e.m.c.i.embedder.EclipseLogger - Copying 2 resources
2019-04-25 21:08:34,349 [Worker-51] INFO  o.e.m.c.i.embedder.EclipseLogger - Using 'UTF-8' encoding to copy filtered resources.
2019-04-25 21:08:34,350 [Worker-51] INFO  o.e.m.c.i.embedder.EclipseLogger - Copying 0 resource
2019-04-25 21:13:23,352 [Worker-56] INFO  o.e.m.c.i.embedder.EclipseLogger - Using 'UTF-8' encoding to copy filtered resources.
2019-04-25 21:13:23,352 [Worker-56] INFO  o.e.m.c.i.embedder.EclipseLogger - Copying 1 resource
2019-04-25 21:13:23,356 [Worker-56] INFO  o.e.m.c.i.embedder.EclipseLogger - Using 'UTF-8' encoding to copy filtered resources.
2019-04-25 21:13:23,356 [Worker-56] INFO  o.e.m.c.i.embedder.EclipseLogger - Copying 0 resource
2019-04-25 21:30:53,775 [Worker-55] INFO  o.e.m.c.i.embedder.EclipseLogger - Using 'UTF-8' encoding to copy filtered resources.
2019-04-25 21:30:53,776 [Worker-55] INFO  o.e.m.c.i.embedder.EclipseLogger - Copying 1 resource
2019-04-25 21:30:53,779 [Worker-55] INFO  o.e.m.c.i.embedder.EclipseLogger - Using 'UTF-8' encoding to copy filtered resources.
2019-04-25 21:30:53,779 [Worker-55] INFO  o.e.m.c.i.embedder.EclipseLogger - Copying 0 resource
2019-04-25 21:33:04,671 [Worker-62] INFO  o.e.m.c.i.embedder.EclipseLogger - Using 'UTF-8' encoding to copy filtered resources.
2019-04-25 21:33:04,671 [Worker-62] INFO  o.e.m.c.i.embedder.EclipseLogger - Copying 1 resource
2019-04-25 21:33:04,675 [Worker-62] INFO  o.e.m.c.i.embedder.EclipseLogger - Using 'UTF-8' encoding to copy filtered resources.
2019-04-25 21:33:04,675 [Worker-62] INFO  o.e.m.c.i.embedder.EclipseLogger - Copying 0 resource
2019-04-25 21:33:04,746 [Worker-62] INFO  o.e.m.c.i.embedder.EclipseLogger - Using 'UTF-8' encoding to copy filtered resources.
2019-04-25 21:33:04,746 [Worker-62] INFO  o.e.m.c.i.embedder.EclipseLogger - Copying 2 resources
2019-04-25 21:33:04,748 [Worker-62] INFO  o.e.m.c.i.embedder.EclipseLogger - Using 'UTF-8' encoding to copy filtered resources.
2019-04-25 21:33:04,748 [Worker-62] INFO  o.e.m.c.i.embedder.EclipseLogger - Copying 0 resource
2019-04-25 21:36:11,734 [Worker-62] WARN  o.e.m.c.i.embedder.EclipseLogger - The artifact org.apache.commons:commons-io:jar:1.3.2 has been relocated to commons-io:commons-io:jar:1.3.2
2019-04-25 21:36:11,880 [Worker-62] INFO  o.e.m.c.i.embedder.EclipseLogger - Using 'UTF-8' encoding to copy filtered resources.
2019-04-25 21:36:11,880 [Worker-62] INFO  o.e.m.c.i.embedder.EclipseLogger - Copying 0 resource
2019-04-25 21:36:11,882 [Worker-62] INFO  o.e.m.c.i.embedder.EclipseLogger - Using 'UTF-8' encoding to copy filtered resources.
2019-04-25 21:36:11,883 [Worker-62] INFO  o.e.m.c.i.embedder.EclipseLogger - Copying 0 resource
2019-04-25 21:36:13,739 [Worker-46] INFO  o.e.m.c.i.embedder.EclipseLogger - Using 'UTF-8' encoding to copy filtered resources.
2019-04-25 21:36:13,740 [Worker-46] INFO  o.e.m.c.i.embedder.EclipseLogger - Copying 0 resource
2019-04-25 21:36:13,741 [Worker-46] INFO  o.e.m.c.i.embedder.EclipseLogger - Using 'UTF-8' encoding to copy filtered resources.
2019-04-25 21:36:13,741 [Worker-46] INFO  o.e.m.c.i.embedder.EclipseLogger - Copying 0 resource
2019-04-25 21:36:14,665 [Worker-62] INFO  o.e.m.c.i.embedder.EclipseLogger - Using 'UTF-8' encoding to copy filtered resources.
2019-04-25 21:36:14,665 [Worker-62] INFO  o.e.m.c.i.embedder.EclipseLogger - Copying 0 resource
2019-04-25 21:36:14,666 [Worker-62] INFO  o.e.m.c.i.embedder.EclipseLogger - Using 'UTF-8' encoding to copy filtered resources.
2019-04-25 21:36:14,667 [Worker-62] INFO  o.e.m.c.i.embedder.EclipseLogger - Copying 0 resource
2019-04-25 21:36:15,729 [Worker-61] INFO  o.e.m.c.i.embedder.EclipseLogger - Using 'UTF-8' encoding to copy filtered resources.
2019-04-25 21:36:15,730 [Worker-61] INFO  o.e.m.c.i.embedder.EclipseLogger - Copying 1 resource
2019-04-25 21:36:15,731 [Worker-61] INFO  o.e.m.c.i.embedder.EclipseLogger - Using 'UTF-8' encoding to copy filtered resources.
2019-04-25 21:36:15,731 [Worker-61] INFO  o.e.m.c.i.embedder.EclipseLogger - Copying 0 resource
2019-04-25 21:36:17,310 [Worker-63] INFO  o.e.m.c.i.embedder.EclipseLogger - Using 'UTF-8' encoding to copy filtered resources.
2019-04-25 21:36:17,313 [Worker-63] INFO  o.e.m.c.i.embedder.EclipseLogger - Copying 6 resources
2019-04-25 21:36:17,349 [Worker-63] INFO  o.e.m.c.i.embedder.EclipseLogger - Using 'UTF-8' encoding to copy filtered resources.
2019-04-25 21:36:17,350 [Worker-63] INFO  o.e.m.c.i.embedder.EclipseLogger - Copying 0 resource
2019-04-25 21:36:18,843 [Worker-63] INFO  o.e.m.c.i.embedder.EclipseLogger - Using 'UTF-8' encoding to copy filtered resources.
2019-04-25 21:36:18,844 [Worker-63] INFO  o.e.m.c.i.embedder.EclipseLogger - Copying 2 resources
2019-04-25 21:36:18,850 [Worker-63] INFO  o.e.m.c.i.embedder.EclipseLogger - Using 'UTF-8' encoding to copy filtered resources.
2019-04-25 21:36:18,850 [Worker-63] INFO  o.e.m.c.i.embedder.EclipseLogger - Copying 0 resource
2019-04-25 21:37:09,764 [Worker-62] INFO  o.e.m.i.launch.MavenLaunchDelegate - E:\taotao\taotao-manager
2019-04-25 21:37:09,764 [Worker-62] INFO  o.e.m.i.launch.MavenLaunchDelegate -  mvn  -B install
2019-04-25 21:37:23,537 [Worker-55] INFO  o.e.m.c.i.embedder.EclipseLogger - Using 'UTF-8' encoding to copy filtered resources.
2019-04-25 21:37:23,537 [Worker-55] INFO  o.e.m.c.i.embedder.EclipseLogger - Copying 0 resource
2019-04-25 21:37:23,538 [Worker-55] INFO  o.e.m.c.i.embedder.EclipseLogger - Using 'UTF-8' encoding to copy filtered resources.
2019-04-25 21:37:23,538 [Worker-55] INFO  o.e.m.c.i.embedder.EclipseLogger - Copying 0 resource
2019-04-25 21:37:24,147 [Worker-55] INFO  o.e.m.c.i.embedder.EclipseLogger - Using 'UTF-8' encoding to copy filtered resources.
2019-04-25 21:37:24,148 [Worker-55] INFO  o.e.m.c.i.embedder.EclipseLogger - Copying 0 resource
2019-04-25 21:37:24,149 [Worker-55] INFO  o.e.m.c.i.embedder.EclipseLogger - Using 'UTF-8' encoding to copy filtered resources.
2019-04-25 21:37:24,149 [Worker-55] INFO  o.e.m.c.i.embedder.EclipseLogger - Copying 0 resource
2019-04-25 21:37:24,975 [Worker-55] INFO  o.e.m.c.i.embedder.EclipseLogger - Using 'UTF-8' encoding to copy filtered resources.
2019-04-25 21:37:24,976 [Worker-55] INFO  o.e.m.c.i.embedder.EclipseLogger - Copying 1 resource
2019-04-25 21:37:24,977 [Worker-55] INFO  o.e.m.c.i.embedder.EclipseLogger - Using 'UTF-8' encoding to copy filtered resources.
2019-04-25 21:37:24,977 [Worker-55] INFO  o.e.m.c.i.embedder.EclipseLogger - Copying 0 resource
2019-04-25 21:37:26,482 [Worker-55] INFO  o.e.m.c.i.embedder.EclipseLogger - Using 'UTF-8' encoding to copy filtered resources.
2019-04-25 21:37:26,485 [Worker-55] INFO  o.e.m.c.i.embedder.EclipseLogger - Copying 6 resources
2019-04-25 21:37:26,493 [Worker-55] INFO  o.e.m.c.i.embedder.EclipseLogger - Using 'UTF-8' encoding to copy filtered resources.
2019-04-25 21:37:26,493 [Worker-55] INFO  o.e.m.c.i.embedder.EclipseLogger - Copying 0 resource
2019-04-25 21:42:05,484 [Worker-59] INFO  o.e.m.c.i.l.LifecycleMappingFactory - Using org.eclipse.m2e.jdt.JarLifecycleMapping lifecycle mapping for MavenProject: com.taotao:taotao-manager-dao:0.0.1-SNAPSHOT @ E:\taotao\taotao-manager\taotao-manager-dao\pom.xml.
2019-04-25 21:42:06,475 [Worker-59] INFO  o.e.m.c.i.embedder.EclipseLogger - Using 'UTF-8' encoding to copy filtered resources.
2019-04-25 21:42:06,475 [Worker-59] INFO  o.e.m.c.i.embedder.EclipseLogger - Copying 0 resource
2019-04-25 21:42:06,475 [Worker-59] INFO  o.e.m.c.i.embedder.EclipseLogger - Copying 0 resource
2019-04-25 21:42:06,476 [Worker-59] INFO  o.e.m.c.i.embedder.EclipseLogger - Using 'UTF-8' encoding to copy filtered resources.
2019-04-25 21:42:06,476 [Worker-59] INFO  o.e.m.c.i.embedder.EclipseLogger - Copying 0 resource
2019-04-25 21:42:59,372 [Worker-58] INFO  o.e.m.i.launch.MavenLaunchDelegate - E:\taotao\taotao-manager\taotao-manager-dao
2019-04-25 21:42:59,372 [Worker-58] INFO  o.e.m.i.launch.MavenLaunchDelegate -  mvn  -B install
2019-04-25 21:43:07,237 [Worker-62] INFO  o.e.m.c.i.embedder.EclipseLogger - Using 'UTF-8' encoding to copy filtered resources.
2019-04-25 21:43:07,237 [Worker-62] INFO  o.e.m.c.i.embedder.EclipseLogger - Copying 0 resource
2019-04-25 21:43:07,237 [Worker-62] INFO  o.e.m.c.i.embedder.EclipseLogger - Copying 0 resource
2019-04-25 21:43:07,238 [Worker-62] INFO  o.e.m.c.i.embedder.EclipseLogger - Using 'UTF-8' encoding to copy filtered resources.
2019-04-25 21:43:07,238 [Worker-62] INFO  o.e.m.c.i.embedder.EclipseLogger - Copying 0 resource
2019-04-25 21:43:22,902 [main] INFO  o.e.m2e.actions.ExecutePomAction - Creating new launch configuration
2019-04-25 21:43:40,459 [Worker-62] INFO  o.e.m.i.launch.MavenLaunchDelegate - E:\taotao\taotao-manager\taotao-manager-service
2019-04-25 21:43:40,459 [Worker-62] INFO  o.e.m.i.launch.MavenLaunchDelegate -  mvn  -B clean tomcat7:run
2019-04-25 21:44:08,777 [Worker-46] INFO  o.e.m.i.launch.MavenLaunchDelegate - E:\taotao\taotao-manager-web
2019-04-25 21:44:08,777 [Worker-46] INFO  o.e.m.i.launch.MavenLaunchDelegate -  mvn  -B clean tomcat7:run
2019-04-25 21:58:07,083 [Worker-59] INFO  o.e.m.c.i.e.AbstractTransferListenerAdapter - Downloaded https://repo.maven.apache.org/maven2/org/springframework/spring-webmvc/4.2.4.RELEASE/spring-webmvc-4.2.4.RELEASE-sources.jar
2019-04-25 21:58:07,114 [Worker-59] ERROR o.e.m.j.internal.DownloadSourcesJob - Could not download sources for org.springframework:spring-webmvc:4.2.4.RELEASE
org.eclipse.core.runtime.CoreException: Could not resolve artifact org.springframework:spring-webmvc:jar:sources:4.2.4.RELEASE
	at org.eclipse.m2e.core.internal.embedder.MavenImpl$5.call(MavenImpl.java:776) ~[org.eclipse.m2e.core_1.6.2.20150902-0002.jar:na]
	at org.eclipse.m2e.core.internal.embedder.MavenImpl$5.call(MavenImpl.java:1) ~[org.eclipse.m2e.core_1.6.2.20150902-0002.jar:na]
	at org.eclipse.m2e.core.internal.embedder.MavenExecutionContext.executeBare(MavenExecutionContext.java:176) [org.eclipse.m2e.core_1.6.2.20150902-0002.jar:na]
	at org.eclipse.m2e.core.internal.embedder.MavenExecutionContext.execute(MavenExecutionContext.java:112) [org.eclipse.m2e.core_1.6.2.20150902-0002.jar:na]
	at org.eclipse.m2e.core.internal.embedder.MavenExecutionContext.execute(MavenExecutionContext.java:99) [org.eclipse.m2e.core_1.6.2.20150902-0002.jar:na]
	at org.eclipse.m2e.core.internal.embedder.MavenImpl.resolve(MavenImpl.java:743) [org.eclipse.m2e.core_1.6.2.20150902-0002.jar:na]
	at org.eclipse.m2e.core.internal.embedder.MavenImpl.resolve(MavenImpl.java:720) [org.eclipse.m2e.core_1.6.2.20150902-0002.jar:na]
	at org.eclipse.m2e.jdt.internal.DownloadSourcesJob.download(DownloadSourcesJob.java:244) [org.eclipse.m2e.jdt_1.6.2.20150902-0002.jar:na]
	at org.eclipse.m2e.jdt.internal.DownloadSourcesJob.downloadAttachments(DownloadSourcesJob.java:223) [org.eclipse.m2e.jdt_1.6.2.20150902-0002.jar:na]
	at org.eclipse.m2e.jdt.internal.DownloadSourcesJob.downloadMaven(DownloadSourcesJob.java:197) [org.eclipse.m2e.jdt_1.6.2.20150902-0002.jar:na]
	at org.eclipse.m2e.jdt.internal.DownloadSourcesJob.run(DownloadSourcesJob.java:153) [org.eclipse.m2e.jdt_1.6.2.20150902-0002.jar:na]
	at org.eclipse.m2e.jdt.internal.DownloadSourcesJob$1.call(DownloadSourcesJob.java:136) [org.eclipse.m2e.jdt_1.6.2.20150902-0002.jar:na]
	at org.eclipse.m2e.jdt.internal.DownloadSourcesJob$1.call(DownloadSourcesJob.java:1) [org.eclipse.m2e.jdt_1.6.2.20150902-0002.jar:na]
	at org.eclipse.m2e.core.internal.embedder.MavenExecutionContext.executeBare(MavenExecutionContext.java:176) [org.eclipse.m2e.core_1.6.2.20150902-0002.jar:na]
	at org.eclipse.m2e.core.internal.embedder.MavenExecutionContext.execute(MavenExecutionContext.java:151) [org.eclipse.m2e.core_1.6.2.20150902-0002.jar:na]
	at org.eclipse.m2e.core.internal.embedder.MavenExecutionContext.execute(MavenExecutionContext.java:99) [org.eclipse.m2e.core_1.6.2.20150902-0002.jar:na]
	at org.eclipse.m2e.core.internal.embedder.MavenImpl.execute(MavenImpl.java:1355) [org.eclipse.m2e.core_1.6.2.20150902-0002.jar:na]
	at org.eclipse.m2e.jdt.internal.DownloadSourcesJob.run(DownloadSourcesJob.java:134) [org.eclipse.m2e.jdt_1.6.2.20150902-0002.jar:na]
	at org.eclipse.core.internal.jobs.Worker.run(Worker.java:55) [org.eclipse.core.jobs_3.7.0.v20150330-2103.jar:na]
2019-04-25 21:58:07,751 [Worker-61] INFO  o.e.m.c.i.embedder.EclipseLogger - Using 'UTF-8' encoding to copy filtered resources.
2019-04-25 21:58:07,751 [Worker-61] INFO  o.e.m.c.i.embedder.EclipseLogger - Copying 0 resource
2019-04-25 21:58:07,754 [Worker-61] INFO  o.e.m.c.i.embedder.EclipseLogger - Using 'UTF-8' encoding to copy filtered resources.
2019-04-25 21:58:07,754 [Worker-61] INFO  o.e.m.c.i.embedder.EclipseLogger - Copying 0 resource
2019-04-25 22:02:01,146 [Worker-63] INFO  o.e.m.i.launch.MavenLaunchDelegate - E:\taotao\taotao-manager\taotao-manager-service
2019-04-25 22:02:01,147 [Worker-63] INFO  o.e.m.i.launch.MavenLaunchDelegate -  mvn  -B clean tomcat7:run
2019-04-25 22:02:35,698 [Worker-60] INFO  o.e.m.i.launch.MavenLaunchDelegate - E:\taotao\taotao-manager-web
2019-04-25 22:02:35,698 [Worker-60] INFO  o.e.m.i.launch.MavenLaunchDelegate -  mvn  -B clean tomcat7:run
2019-04-25 22:07:34,602 [Worker-55] INFO  o.e.m.c.i.embedder.EclipseLogger - Using 'UTF-8' encoding to copy filtered resources.
2019-04-25 22:07:34,602 [Worker-55] INFO  o.e.m.c.i.embedder.EclipseLogger - Copying 0 resource
2019-04-25 22:07:34,603 [Worker-55] INFO  o.e.m.c.i.embedder.EclipseLogger - Using 'UTF-8' encoding to copy filtered resources.
2019-04-25 22:07:34,604 [Worker-55] INFO  o.e.m.c.i.embedder.EclipseLogger - Copying 0 resource
2019-04-25 22:07:35,677 [Worker-60] INFO  o.e.m.c.i.embedder.EclipseLogger - Using 'UTF-8' encoding to copy filtered resources.
2019-04-25 22:07:35,678 [Worker-60] INFO  o.e.m.c.i.embedder.EclipseLogger - Copying 6 resources
2019-04-25 22:07:35,681 [Worker-60] INFO  o.e.m.c.i.embedder.EclipseLogger - Using 'UTF-8' encoding to copy filtered resources.
2019-04-25 22:07:35,681 [Worker-60] INFO  o.e.m.c.i.embedder.EclipseLogger - Copying 0 resource
2019-04-25 22:17:50,399 [main] INFO  o.e.m2e.actions.ExecutePomAction - Creating new launch configuration
2019-04-25 22:17:59,362 [Worker-55] INFO  o.e.m.i.launch.MavenLaunchDelegate - E:\taotao\taotao-manager\taotao-manager-service
2019-04-25 22:17:59,363 [Worker-55] INFO  o.e.m.i.launch.MavenLaunchDelegate -  mvn  -B install
2019-04-25 22:18:19,486 [main] INFO  o.e.m2e.actions.ExecutePomAction - Using existing launch configuration
2019-04-25 22:22:39,208 [Worker-59] INFO  o.e.m.i.launch.MavenLaunchDelegate - E:\taotao\taotao-manager\taotao-manager-service
2019-04-25 22:22:39,208 [Worker-59] INFO  o.e.m.i.launch.MavenLaunchDelegate -  mvn  -B clean tomcat7:run
2019-04-25 22:23:35,378 [Worker-64] INFO  o.e.m.c.i.embedder.EclipseLogger - Using 'UTF-8' encoding to copy filtered resources.
2019-04-25 22:23:35,380 [Worker-64] INFO  o.e.m.c.i.embedder.EclipseLogger - Copying 2 resources
2019-04-25 22:23:35,383 [Worker-64] INFO  o.e.m.c.i.embedder.EclipseLogger - Using 'UTF-8' encoding to copy filtered resources.
2019-04-25 22:23:35,384 [Worker-64] INFO  o.e.m.c.i.embedder.EclipseLogger - Copying 0 resource
2019-04-25 22:23:35,384 [Worker-64] INFO  o.e.m.w.i.f.ResourceFilteringBuildParticipant - Changed resources require a complete clean of filtered resources of taotao-manager-web
2019-04-25 22:23:35,384 [Worker-64] INFO  o.e.m.w.i.f.ResourceFilteringBuildParticipant - Executing resource filtering for taotao-manager-web
2019-04-25 22:23:35,405 [Worker-64] INFO  o.e.m.c.i.embedder.EclipseLogger - Using 'UTF-8' encoding to copy filtered resources.
2019-04-25 22:23:39,321 [main] INFO  o.e.m2e.actions.ExecutePomAction - Creating new launch configuration
2019-04-25 22:23:44,119 [Worker-55] INFO  o.e.m.i.launch.MavenLaunchDelegate - E:\taotao\taotao-manager-web
2019-04-25 22:23:44,119 [Worker-55] INFO  o.e.m.i.launch.MavenLaunchDelegate -  mvn  -B clean tomcat7:run
2019-04-25 22:35:28,593 [Worker-66] INFO  o.e.m.c.i.embedder.EclipseLogger - Using 'UTF-8' encoding to copy filtered resources.
2019-04-25 22:35:28,593 [Worker-66] INFO  o.e.m.c.i.embedder.EclipseLogger - Copying 1 resource
2019-04-25 22:35:28,599 [Worker-66] INFO  o.e.m.c.i.embedder.EclipseLogger - Using 'UTF-8' encoding to copy filtered resources.
2019-04-25 22:35:28,599 [Worker-66] INFO  o.e.m.c.i.embedder.EclipseLogger - Copying 0 resource
2019-04-25 22:35:44,392 [Worker-55] INFO  o.e.m.c.i.embedder.EclipseLogger - Using 'UTF-8' encoding to copy filtered resources.
2019-04-25 22:35:44,392 [Worker-55] INFO  o.e.m.c.i.embedder.EclipseLogger - Copying 1 resource
2019-04-25 22:35:44,396 [Worker-55] INFO  o.e.m.c.i.embedder.EclipseLogger - Using 'UTF-8' encoding to copy filtered resources.
2019-04-25 22:35:44,397 [Worker-55] INFO  o.e.m.c.i.embedder.EclipseLogger - Copying 0 resource
2019-04-25 22:39:53,852 [Worker-63] INFO  o.e.m.c.i.embedder.EclipseLogger - Using 'UTF-8' encoding to copy filtered resources.
2019-04-25 22:39:53,853 [Worker-63] INFO  o.e.m.c.i.embedder.EclipseLogger - Copying 2 resources
2019-04-25 22:39:53,855 [Worker-63] INFO  o.e.m.c.i.embedder.EclipseLogger - Using 'UTF-8' encoding to copy filtered resources.
2019-04-25 22:39:53,855 [Worker-63] INFO  o.e.m.c.i.embedder.EclipseLogger - Copying 0 resource
2019-04-25 22:40:12,391 [Worker-66] INFO  o.e.m.c.i.embedder.EclipseLogger - Using 'UTF-8' encoding to copy filtered resources.
2019-04-25 22:40:12,392 [Worker-66] INFO  o.e.m.c.i.embedder.EclipseLogger - Copying 2 resources
2019-04-25 22:40:12,394 [Worker-66] INFO  o.e.m.c.i.embedder.EclipseLogger - Using 'UTF-8' encoding to copy filtered resources.
2019-04-25 22:40:12,394 [Worker-66] INFO  o.e.m.c.i.embedder.EclipseLogger - Copying 0 resource
2019-04-25 22:41:10,330 [Worker-63] INFO  o.e.m.c.i.embedder.EclipseLogger - Using 'UTF-8' encoding to copy filtered resources.
2019-04-25 22:41:10,331 [Worker-63] INFO  o.e.m.c.i.embedder.EclipseLogger - Copying 1 resource
2019-04-25 22:41:10,335 [Worker-63] INFO  o.e.m.c.i.embedder.EclipseLogger - Using 'UTF-8' encoding to copy filtered resources.
2019-04-25 22:41:10,335 [Worker-63] INFO  o.e.m.c.i.embedder.EclipseLogger - Copying 0 resource
2019-04-25 22:44:40,413 [Worker-65] INFO  o.e.m.i.launch.MavenLaunchDelegate - E:\taotao\taotao-manager
2019-04-25 22:44:40,414 [Worker-65] INFO  o.e.m.i.launch.MavenLaunchDelegate -  mvn  -B install
2019-04-25 22:44:59,118 [Worker-65] INFO  o.e.m.c.i.embedder.EclipseLogger - Using 'UTF-8' encoding to copy filtered resources.
2019-04-25 22:44:59,120 [Worker-65] INFO  o.e.m.c.i.embedder.EclipseLogger - Copying 6 resources
2019-04-25 22:44:59,123 [Worker-65] INFO  o.e.m.c.i.embedder.EclipseLogger - Using 'UTF-8' encoding to copy filtered resources.
2019-04-25 22:44:59,123 [Worker-65] INFO  o.e.m.c.i.embedder.EclipseLogger - Copying 0 resource
2019-04-25 22:44:59,123 [Worker-65] INFO  o.e.m.w.i.f.ResourceFilteringBuildParticipant - Changed resources require a complete clean of filtered resources of taotao-manager-service
2019-04-25 22:44:59,124 [Worker-65] INFO  o.e.m.w.i.f.ResourceFilteringBuildParticipant - Executing resource filtering for taotao-manager-service
2019-04-25 22:44:59,132 [Worker-65] INFO  o.e.m.c.i.embedder.EclipseLogger - Using 'UTF-8' encoding to copy filtered resources.
2019-04-25 22:45:24,144 [Worker-64] INFO  o.e.m.i.launch.MavenLaunchDelegate - E:\taotao\taotao-manager\taotao-manager-service
2019-04-25 22:45:24,144 [Worker-64] INFO  o.e.m.i.launch.MavenLaunchDelegate -  mvn  -B clean tomcat7:run
2019-04-25 22:45:50,608 [Worker-66] INFO  o.e.m.i.launch.MavenLaunchDelegate - E:\taotao\taotao-manager-web
2019-04-25 22:45:50,608 [Worker-66] INFO  o.e.m.i.launch.MavenLaunchDelegate -  mvn  -B clean tomcat7:run
2019-04-25 22:49:53,060 [Worker-59] INFO  o.e.m.c.i.e.AbstractTransferListenerAdapter - Downloaded https://repo.maven.apache.org/maven2/com/alibaba/druid/1.0.9/druid-1.0.9-sources.jar
2019-04-25 22:49:53,073 [Worker-59] ERROR o.e.m.j.internal.DownloadSourcesJob - Could not download sources for com.alibaba:druid:1.0.9
org.eclipse.core.runtime.CoreException: Could not resolve artifact com.alibaba:druid:jar:sources:1.0.9
	at org.eclipse.m2e.core.internal.embedder.MavenImpl$5.call(MavenImpl.java:776) ~[org.eclipse.m2e.core_1.6.2.20150902-0002.jar:na]
	at org.eclipse.m2e.core.internal.embedder.MavenImpl$5.call(MavenImpl.java:1) ~[org.eclipse.m2e.core_1.6.2.20150902-0002.jar:na]
	at org.eclipse.m2e.core.internal.embedder.MavenExecutionContext.executeBare(MavenExecutionContext.java:176) [org.eclipse.m2e.core_1.6.2.20150902-0002.jar:na]
	at org.eclipse.m2e.core.internal.embedder.MavenExecutionContext.execute(MavenExecutionContext.java:112) [org.eclipse.m2e.core_1.6.2.20150902-0002.jar:na]
	at org.eclipse.m2e.core.internal.embedder.MavenExecutionContext.execute(MavenExecutionContext.java:99) [org.eclipse.m2e.core_1.6.2.20150902-0002.jar:na]
	at org.eclipse.m2e.core.internal.embedder.MavenImpl.resolve(MavenImpl.java:743) [org.eclipse.m2e.core_1.6.2.20150902-0002.jar:na]
	at org.eclipse.m2e.core.internal.embedder.MavenImpl.resolve(MavenImpl.java:720) [org.eclipse.m2e.core_1.6.2.20150902-0002.jar:na]
	at org.eclipse.m2e.jdt.internal.DownloadSourcesJob.download(DownloadSourcesJob.java:244) [org.eclipse.m2e.jdt_1.6.2.20150902-0002.jar:na]
	at org.eclipse.m2e.jdt.internal.DownloadSourcesJob.downloadAttachments(DownloadSourcesJob.java:223) [org.eclipse.m2e.jdt_1.6.2.20150902-0002.jar:na]
	at org.eclipse.m2e.jdt.internal.DownloadSourcesJob.downloadMaven(DownloadSourcesJob.java:197) [org.eclipse.m2e.jdt_1.6.2.20150902-0002.jar:na]
	at org.eclipse.m2e.jdt.internal.DownloadSourcesJob.run(DownloadSourcesJob.java:153) [org.eclipse.m2e.jdt_1.6.2.20150902-0002.jar:na]
	at org.eclipse.m2e.jdt.internal.DownloadSourcesJob$1.call(DownloadSourcesJob.java:136) [org.eclipse.m2e.jdt_1.6.2.20150902-0002.jar:na]
	at org.eclipse.m2e.jdt.internal.DownloadSourcesJob$1.call(DownloadSourcesJob.java:1) [org.eclipse.m2e.jdt_1.6.2.20150902-0002.jar:na]
	at org.eclipse.m2e.core.internal.embedder.MavenExecutionContext.executeBare(MavenExecutionContext.java:176) [org.eclipse.m2e.core_1.6.2.20150902-0002.jar:na]
	at org.eclipse.m2e.core.internal.embedder.MavenExecutionContext.execute(MavenExecutionContext.java:151) [org.eclipse.m2e.core_1.6.2.20150902-0002.jar:na]
	at org.eclipse.m2e.core.internal.embedder.MavenExecutionContext.execute(MavenExecutionContext.java:99) [org.eclipse.m2e.core_1.6.2.20150902-0002.jar:na]
	at org.eclipse.m2e.core.internal.embedder.MavenImpl.execute(MavenImpl.java:1355) [org.eclipse.m2e.core_1.6.2.20150902-0002.jar:na]
	at org.eclipse.m2e.jdt.internal.DownloadSourcesJob.run(DownloadSourcesJob.java:134) [org.eclipse.m2e.jdt_1.6.2.20150902-0002.jar:na]
	at org.eclipse.core.internal.jobs.Worker.run(Worker.java:55) [org.eclipse.core.jobs_3.7.0.v20150330-2103.jar:na]
2019-04-25 22:49:53,531 [Worker-55] INFO  o.e.m.c.i.embedder.EclipseLogger - Using 'UTF-8' encoding to copy filtered resources.
2019-04-25 22:49:53,532 [Worker-55] INFO  o.e.m.c.i.embedder.EclipseLogger - Copying 0 resource
2019-04-25 22:49:53,532 [Worker-55] INFO  o.e.m.c.i.embedder.EclipseLogger - Copying 0 resource
2019-04-25 22:49:53,533 [Worker-55] INFO  o.e.m.c.i.embedder.EclipseLogger - Using 'UTF-8' encoding to copy filtered resources.
2019-04-25 22:49:53,533 [Worker-55] INFO  o.e.m.c.i.embedder.EclipseLogger - Copying 0 resource
2019-04-25 22:49:54,633 [Worker-60] INFO  o.e.m.c.i.embedder.EclipseLogger - Using 'UTF-8' encoding to copy filtered resources.
2019-04-25 22:49:54,634 [Worker-60] INFO  o.e.m.c.i.embedder.EclipseLogger - Copying 6 resources
2019-04-25 22:49:54,639 [Worker-60] INFO  o.e.m.c.i.embedder.EclipseLogger - Using 'UTF-8' encoding to copy filtered resources.
2019-04-25 22:49:54,640 [Worker-60] INFO  o.e.m.c.i.embedder.EclipseLogger - Copying 0 resource
2019-04-25 22:51:55,661 [Worker-60] INFO  o.e.m.c.i.embedder.EclipseLogger - Using 'UTF-8' encoding to copy filtered resources.
2019-04-25 22:51:55,662 [Worker-60] INFO  o.e.m.c.i.embedder.EclipseLogger - Copying 1 resource
2019-04-25 22:51:55,666 [Worker-60] INFO  o.e.m.c.i.embedder.EclipseLogger - Using 'UTF-8' encoding to copy filtered resources.
2019-04-25 22:51:55,666 [Worker-60] INFO  o.e.m.c.i.embedder.EclipseLogger - Copying 0 resource
